{"uuid":"fec6047b-1801-49dc-8981-32de217c0ae4","historyId":"6d5e6046476b2c300c797f3fa31ad9a9","testCaseId":"dab1bf0d27cf273839db1d7cffaecb3b","fullName":"src/test/resources/features/PostBook.feature:22","labels":[{"name":"host","value":"laptop"},{"name":"thread","value":"12376@laptop.main(1)"},{"name":"feature","value":"Add new book to the system"},{"name":"story","value":"Admin adds a book with unexpected attributes in the payload"},{"name":"suite","value":"Add new book to the system"},{"name":"testClass","value":"Admin adds a book with unexpected attributes in the payload"},{"name":"framework","value":"cucumber4jvm"},{"name":"language","value":"java"},{"name":"gherkin_uri","value":"file:///E:/IT%20%20NOTES/IS3440%20-%20IT%20Quality%20Assurance/Group%2029/API_Testing/src/test/resources/features/PostBook.feature"},{"name":"package","value":"src.test.resources.features.PostBook_feature.Add new book to the system"}],"links":[],"name":"Admin adds a book with unexpected attributes in the payload","status":"failed","statusDetails":{"known":false,"muted":false,"flaky":false,"message":"1 expectation failed.\nExpected status code <400> but was <208>.\n","trace":"java.lang.AssertionError: 1 expectation failed.\nExpected status code <400> but was <208>.\n\r\n\tat java.base/jdk.internal.reflect.DirectConstructorHandleAccessor.newInstance(DirectConstructorHandleAccessor.java:67)\r\n\tat java.base/java.lang.reflect.Constructor.newInstanceWithCaller(Constructor.java:499)\r\n\tat java.base/java.lang.reflect.Constructor.newInstance(Constructor.java:483)\r\n\tat org.codehaus.groovy.reflection.CachedConstructor.invoke(CachedConstructor.java:73)\r\n\tat org.codehaus.groovy.runtime.callsite.ConstructorSite$ConstructorSiteNoUnwrapNoCoerce.callConstructor(ConstructorSite.java:108)\r\n\tat org.codehaus.groovy.runtime.callsite.AbstractCallSite.callConstructor(AbstractCallSite.java:277)\r\n\tat io.restassured.internal.ResponseSpecificationImpl$HamcrestAssertionClosure.validate(ResponseSpecificationImpl.groovy:512)\r\n\tat io.restassured.internal.ResponseSpecificationImpl$HamcrestAssertionClosure$validate$1.call(Unknown Source)\r\n\tat io.restassured.internal.ResponseSpecificationImpl.validateResponseIfRequired(ResponseSpecificationImpl.groovy:696)\r\n\tat io.restassured.internal.ResponseSpecificationImpl.this$2$validateResponseIfRequired(ResponseSpecificationImpl.groovy)\r\n\tat java.base/jdk.internal.reflect.DirectMethodHandleAccessor.invoke(DirectMethodHandleAccessor.java:104)\r\n\tat java.base/java.lang.reflect.Method.invoke(Method.java:577)\r\n\tat org.codehaus.groovy.runtime.callsite.PlainObjectMetaMethodSite.doInvoke(PlainObjectMetaMethodSite.java:43)\r\n\tat org.codehaus.groovy.runtime.callsite.PogoMetaMethodSite$PogoCachedMethodSiteNoUnwrapNoCoerce.invoke(PogoMetaMethodSite.java:198)\r\n\tat org.codehaus.groovy.runtime.callsite.PogoMetaMethodSite.callCurrent(PogoMetaMethodSite.java:62)\r\n\tat org.codehaus.groovy.runtime.callsite.AbstractCallSite.callCurrent(AbstractCallSite.java:185)\r\n\tat io.restassured.internal.ResponseSpecificationImpl.statusCode(ResponseSpecificationImpl.groovy:135)\r\n\tat io.restassured.specification.ResponseSpecification$statusCode$0.callCurrent(Unknown Source)\r\n\tat io.restassured.internal.ResponseSpecificationImpl.statusCode(ResponseSpecificationImpl.groovy:143)\r\n\tat io.restassured.internal.ValidatableResponseOptionsImpl.statusCode(ValidatableResponseOptionsImpl.java:89)\r\n\tat com.group_29.api_testing.stepDefinitions.postApiStepDefinitions.PostBooksTest.iShouldReceiveAResponseWithStatusCode(PostBooksTest.java:124)\r\n\tat ✽.I should receive a response with status code 400(file:///E:/IT%20%20NOTES/IS3440%20-%20IT%20Quality%20Assurance/Group%2029/API_Testing/src/test/resources/features/PostBook.feature:25)\r\n"},"stage":"finished","steps":[{"name":"Given I am an admin user","status":"passed","statusDetails":{"known":false,"muted":false,"flaky":false},"stage":"finished","steps":[],"attachments":[],"parameters":[],"start":1735626294416,"stop":1735626294416},{"name":"When I send a POST request to \"/api/books\" with the book details and additional attributes","status":"passed","statusDetails":{"known":false,"muted":false,"flaky":false},"stage":"finished","steps":[],"attachments":[],"parameters":[],"start":1735626294416,"stop":1735626294509},{"name":"Then I should receive a response with status code 400","status":"failed","statusDetails":{"known":false,"muted":false,"flaky":false,"message":"1 expectation failed.\nExpected status code <400> but was <208>.\n","trace":"java.lang.AssertionError: 1 expectation failed.\nExpected status code <400> but was <208>.\n\r\n\tat java.base/jdk.internal.reflect.DirectConstructorHandleAccessor.newInstance(DirectConstructorHandleAccessor.java:67)\r\n\tat java.base/java.lang.reflect.Constructor.newInstanceWithCaller(Constructor.java:499)\r\n\tat java.base/java.lang.reflect.Constructor.newInstance(Constructor.java:483)\r\n\tat org.codehaus.groovy.reflection.CachedConstructor.invoke(CachedConstructor.java:73)\r\n\tat org.codehaus.groovy.runtime.callsite.ConstructorSite$ConstructorSiteNoUnwrapNoCoerce.callConstructor(ConstructorSite.java:108)\r\n\tat org.codehaus.groovy.runtime.callsite.AbstractCallSite.callConstructor(AbstractCallSite.java:277)\r\n\tat io.restassured.internal.ResponseSpecificationImpl$HamcrestAssertionClosure.validate(ResponseSpecificationImpl.groovy:512)\r\n\tat io.restassured.internal.ResponseSpecificationImpl$HamcrestAssertionClosure$validate$1.call(Unknown Source)\r\n\tat io.restassured.internal.ResponseSpecificationImpl.validateResponseIfRequired(ResponseSpecificationImpl.groovy:696)\r\n\tat io.restassured.internal.ResponseSpecificationImpl.this$2$validateResponseIfRequired(ResponseSpecificationImpl.groovy)\r\n\tat java.base/jdk.internal.reflect.DirectMethodHandleAccessor.invoke(DirectMethodHandleAccessor.java:104)\r\n\tat java.base/java.lang.reflect.Method.invoke(Method.java:577)\r\n\tat org.codehaus.groovy.runtime.callsite.PlainObjectMetaMethodSite.doInvoke(PlainObjectMetaMethodSite.java:43)\r\n\tat org.codehaus.groovy.runtime.callsite.PogoMetaMethodSite$PogoCachedMethodSiteNoUnwrapNoCoerce.invoke(PogoMetaMethodSite.java:198)\r\n\tat org.codehaus.groovy.runtime.callsite.PogoMetaMethodSite.callCurrent(PogoMetaMethodSite.java:62)\r\n\tat org.codehaus.groovy.runtime.callsite.AbstractCallSite.callCurrent(AbstractCallSite.java:185)\r\n\tat io.restassured.internal.ResponseSpecificationImpl.statusCode(ResponseSpecificationImpl.groovy:135)\r\n\tat io.restassured.specification.ResponseSpecification$statusCode$0.callCurrent(Unknown Source)\r\n\tat io.restassured.internal.ResponseSpecificationImpl.statusCode(ResponseSpecificationImpl.groovy:143)\r\n\tat io.restassured.internal.ValidatableResponseOptionsImpl.statusCode(ValidatableResponseOptionsImpl.java:89)\r\n\tat com.group_29.api_testing.stepDefinitions.postApiStepDefinitions.PostBooksTest.iShouldReceiveAResponseWithStatusCode(PostBooksTest.java:124)\r\n\tat ✽.I should receive a response with status code 400(file:///E:/IT%20%20NOTES/IS3440%20-%20IT%20Quality%20Assurance/Group%2029/API_Testing/src/test/resources/features/PostBook.feature:25)\r\n"},"stage":"finished","steps":[],"attachments":[],"parameters":[],"start":1735626294510,"stop":1735626294511},{"name":"And the response should contain an error message \"Unexpected attribute in request body\"","status":"skipped","statusDetails":{"known":false,"muted":false,"flaky":false},"stage":"finished","steps":[],"attachments":[],"parameters":[],"start":1735626294511,"stop":1735626294511}],"attachments":[],"parameters":[],"start":1735626294416,"stop":1735626294512}